<?xml version="1.0"?>
<testsuite name="Chrome 45.0.2454 (Windows 7 0.0.0)" package="" timestamp="2015-10-01T17:44:28" id="0" hostname="hxpws-zojeda" tests="1" errors="1" failures="1" time="0.011">
  <properties>
    <property name="browser.fullName" value="Mozilla/5.0 (Windows NT 6.1; WOW64) AppleWebKit/537.36 (KHTML, like Gecko) Chrome/45.0.2454.101 Safari/537.36"/>
  </properties>
  <testcase name="encountered a declaration exception" time="0.011" classname="Chrome_45_0_2454_(Windows_7_0_0_0).MainController tests">
    <failure type="">TypeError: angular.module is not a function
    at Suite.&lt;anonymous&gt; (F:/Axioma/Proteus/TestWebpack/test/index.js:90:398)
    at Object.&lt;anonymous&gt; (F:/Axioma/Proteus/TestWebpack/test/index.js:90:191)
    at __webpack_require__ (F:/Axioma/Proteus/TestWebpack/test/index.js:20:30)
    at webpackContext (F:/Axioma/Proteus/TestWebpack/test/index.js:65:10)
    at Array.forEach (native)
    at Object.&lt;anonymous&gt; (F:/Axioma/Proteus/TestWebpack/test/index.js:49:22)
    at __webpack_require__ (F:/Axioma/Proteus/TestWebpack/test/index.js:20:30)
</failure>
  </testcase>
  <system-out>
    <![CDATA[
]]>
  </system-out>
  <system-err/>
</testsuite>